features/java/build/intermediates/manifest_merge_blame_file/release/manifest-merger-blame-release-report.txt
1<?xml version="1.0" encoding="utf-8"?>
2<manifest xmlns:android="http://schemas.android.com/apk/res/android"
3    xmlns:dist="http://schemas.android.com/apk/distribution"
4    featureSplit="java"
5    package="com.iqiyi.qigsaw.sample"
6    android:versionCode="271"
7    android:versionName="1.0.0" >
8
9    <uses-sdk
10        android:minSdkVersion="14"
10-->src/main/AndroidManifest.xml
11        android:targetSdkVersion="28" />
11-->src/main/AndroidManifest.xml
12
13    <dist:module
13-->src/main/AndroidManifest.xml:23:5-27:19
14        dist:onDemand="false"
14-->src/main/AndroidManifest.xml:24:9-30
15        dist:title="@string/module_java" >
15-->src/main/AndroidManifest.xml:25:9-41
16        <dist:fusing dist:include="false" />
16-->src/main/AndroidManifest.xml:26:9-45
16-->src/main/AndroidManifest.xml:26:22-42
17    </dist:module>
18
19    <application android:name="com.iqiyi.qigsaw.sample.java.JavaSampleApplication" >
19-->src/main/AndroidManifest.xml:7:5-21:19
19-->src/main/AndroidManifest.xml:8:9-46
20        <activity
20-->src/main/AndroidManifest.xml:11:9-13:41
21            android:name="com.iqiyi.qigsaw.sample.java.JavaSampleActivity"
21-->src/main/AndroidManifest.xml:12:13-47
22            android:process=":qigsaw" />
22-->src/main/AndroidManifest.xml:13:13-38
23
24        <provider
24-->src/main/AndroidManifest.xml:15:9-19:40
25            android:name="com.iqiyi.qigsaw.sample.java.JavaContentProvider"
25-->src/main/AndroidManifest.xml:16:13-48
26            android:authorities="java.feature"
26-->src/main/AndroidManifest.xml:17:13-47
27            android:enabled="true"
27-->src/main/AndroidManifest.xml:18:13-35
28            android:exported="false" />
28-->src/main/AndroidManifest.xml:19:13-37
29    </application>
30
31</manifest>